# JRE version: OpenJDK Runtime Environment (8.0_202-b03) (build 1.8.0_202-release-1483-b03)
# Java VM: OpenJDK 64-Bit Server VM (25.202-b03 mixed mode windows-amd64 compressed oops)
Heap:
 PSYoungGen      total 300032K, used 135211K [0x00000000e0000000, 0x00000000f8300000, 0x0000000100000000)
  eden space 216576K, 39% used [0x00000000e0000000,0x00000000e5479640,0x00000000ed380000)
  from space 83456K, 58% used [0x00000000ed380000,0x00000000f0311688,0x00000000f2500000)
  to   space 81920K, 0% used [0x00000000f3300000,0x00000000f3300000,0x00000000f8300000)
 ParOldGen       total 254976K, used 83169K [0x00000000a0000000, 0x00000000af900000, 0x00000000e0000000)
  object space 254976K, 32% used [0x00000000a0000000,0x00000000a51387b8,0x00000000af900000)
 Metaspace       used 126979K, capacity 131302K, committed 131392K, reserved 1165312K
  class space    used 15668K, capacity 16442K, committed 16488K, reserved 1048576K
GC Heap History (10 events):
Event: 1270.626 GC heap before
{Heap before GC invocations=31 (full 4):
 PSYoungGen      total 257536K, used 229683K [0x00000000e0000000, 0x00000000f4b80000, 0x0000000100000000)
  eden space 178688K, 100% used [0x00000000e0000000,0x00000000eae80000,0x00000000eae80000)
  from space 78848K, 64% used [0x00000000efe80000,0x00000000f304cfd8,0x00000000f4b80000)
  to   space 80384K, 0% used [0x00000000eae80000,0x00000000eae80000,0x00000000efd00000)
 ParOldGen       total 254976K, used 83129K [0x00000000a0000000, 0x00000000af900000, 0x00000000e0000000)
  object space 254976K, 32% used [0x00000000a0000000,0x00000000a512e7b8,0x00000000af900000)
 Metaspace       used 111002K, capacity 114542K, committed 114752K, reserved 1148928K
  class space    used 13953K, capacity 14626K, committed 14696K, reserved 1048576K
Event: 1270.681 GC heap after
Heap after GC invocations=31 (full 4):
 PSYoungGen      total 259072K, used 48219K [0x00000000e0000000, 0x00000000f6280000, 0x0000000100000000)
  eden space 178688K, 0% used [0x00000000e0000000,0x00000000e0000000,0x00000000eae80000)
  from space 80384K, 59% used [0x00000000eae80000,0x00000000edd96cd8,0x00000000efd00000)
  to   space 80384K, 0% used [0x00000000f1400000,0x00000000f1400000,0x00000000f6280000)
 ParOldGen       total 254976K, used 83137K [0x00000000a0000000, 0x00000000af900000, 0x00000000e0000000)
  object space 254976K, 32% used [0x00000000a0000000,0x00000000a51307b8,0x00000000af900000)
 Metaspace       used 111002K, capacity 114542K, committed 114752K, reserved 1148928K
  class space    used 13953K, capacity 14626K, committed 14696K, reserved 1048576K
}
Event: 1567.184 GC heap before
{Heap before GC invocations=32 (full 4):
 PSYoungGen      total 259072K, used 226907K [0x00000000e0000000, 0x00000000f6280000, 0x0000000100000000)
  eden space 178688K, 100% used [0x00000000e0000000,0x00000000eae80000,0x00000000eae80000)
  from space 80384K, 59% used [0x00000000eae80000,0x00000000edd96cd8,0x00000000efd00000)
  to   space 80384K, 0% used [0x00000000f1400000,0x00000000f1400000,0x00000000f6280000)
 ParOldGen       total 254976K, used 83137K [0x00000000a0000000, 0x00000000af900000, 0x00000000e0000000)
  object space 254976K, 32% used [0x00000000a0000000,0x00000000a51307b8,0x00000000af900000)
 Metaspace       used 112601K, capacity 116434K, committed 116544K, reserved 1150976K
  class space    used 14115K, capacity 14848K, committed 14952K, reserved 1048576K
Event: 1567.240 GC heap after
Heap after GC invocations=32 (full 4):
 PSYoungGen      total 274432K, used 47876K [0x00000000e0000000, 0x00000000f5e00000, 0x0000000100000000)
  eden space 198656K, 0% used [0x00000000e0000000,0x00000000e0000000,0x00000000ec200000)
  from space 75776K, 63% used [0x00000000f1400000,0x00000000f42c1318,0x00000000f5e00000)
  to   space 79872K, 0% used [0x00000000ec200000,0x00000000ec200000,0x00000000f1000000)
 ParOldGen       total 254976K, used 83145K [0x00000000a0000000, 0x00000000af900000, 0x00000000e0000000)
  object space 254976K, 32% used [0x00000000a0000000,0x00000000a51327b8,0x00000000af900000)
 Metaspace       used 112601K, capacity 116434K, committed 116544K, reserved 1150976K
  class space    used 14115K, capacity 14848K, committed 14952K, reserved 1048576K
}
Event: 1574.682 GC heap before
{Heap before GC invocations=33 (full 4):
 PSYoungGen      total 274432K, used 246532K [0x00000000e0000000, 0x00000000f5e00000, 0x0000000100000000)
  eden space 198656K, 100% used [0x00000000e0000000,0x00000000ec200000,0x00000000ec200000)
  from space 75776K, 63% used [0x00000000f1400000,0x00000000f42c1318,0x00000000f5e00000)
  to   space 79872K, 0% used [0x00000000ec200000,0x00000000ec200000,0x00000000f1000000)
 ParOldGen       total 254976K, used 83145K [0x00000000a0000000, 0x00000000af900000, 0x00000000e0000000)
  object space 254976K, 32% used [0x00000000a0000000,0x00000000a51327b8,0x00000000af900000)
 Metaspace       used 118951K, capacity 122850K, committed 123072K, reserved 1157120K
  class space    used 14822K, capacity 15584K, committed 15592K, reserved 1048576K
Event: 1574.748 GC heap after
Heap after GC invocations=33 (full 4):
 PSYoungGen      total 278528K, used 71292K [0x00000000e0000000, 0x00000000f8200000, 0x0000000100000000)
  eden space 198656K, 0% used [0x00000000e0000000,0x00000000e0000000,0x00000000ec200000)
  from space 79872K, 89% used [0x00000000ec200000,0x00000000f079f260,0x00000000f1000000)
  to   space 87552K, 0% used [0x00000000f2c80000,0x00000000f2c80000,0x00000000f8200000)
 ParOldGen       total 254976K, used 83153K [0x00000000a0000000, 0x00000000af900000, 0x00000000e0000000)
  object space 254976K, 32% used [0x00000000a0000000,0x00000000a51347b8,0x00000000af900000)
 Metaspace       used 118951K, capacity 122850K, committed 123072K, reserved 1157120K
  class space    used 14822K, capacity 15584K, committed 15592K, reserved 1048576K
}
Event: 3132.982 GC heap before
{Heap before GC invocations=34 (full 4):
 PSYoungGen      total 278528K, used 269948K [0x00000000e0000000, 0x00000000f8200000, 0x0000000100000000)
  eden space 198656K, 100% used [0x00000000e0000000,0x00000000ec200000,0x00000000ec200000)
  from space 79872K, 89% used [0x00000000ec200000,0x00000000f079f260,0x00000000f1000000)
  to   space 87552K, 0% used [0x00000000f2c80000,0x00000000f2c80000,0x00000000f8200000)
 ParOldGen       total 254976K, used 83153K [0x00000000a0000000, 0x00000000af900000, 0x00000000e0000000)
  object space 254976K, 32% used [0x00000000a0000000,0x00000000a51347b8,0x00000000af900000)
 Metaspace       used 120736K, capacity 124678K, committed 124736K, reserved 1159168K
  class space    used 14966K, capacity 15690K, committed 15720K, reserved 1048576K
Event: 3133.092 GC heap after
Heap after GC invocations=34 (full 4):
 PSYoungGen      total 292352K, used 40594K [0x00000000e0000000, 0x00000000f7680000, 0x0000000100000000)
  eden space 216576K, 0% used [0x00000000e0000000,0x00000000e0000000,0x00000000ed380000)
  from space 75776K, 53% used [0x00000000f2c80000,0x00000000f5424998,0x00000000f7680000)
  to   space 83456K, 0% used [0x00000000ed380000,0x00000000ed380000,0x00000000f2500000)
 ParOldGen       total 254976K, used 83161K [0x00000000a0000000, 0x00000000af900000, 0x00000000e0000000)
  object space 254976K, 32% used [0x00000000a0000000,0x00000000a51367b8,0x00000000af900000)
 Metaspace       used 120736K, capacity 124678K, committed 124736K, reserved 1159168K
  class space    used 14966K, capacity 15690K, committed 15720K, reserved 1048576K
}
Event: 5054.028 GC heap before
{Heap before GC invocations=35 (full 4):
 PSYoungGen      total 292352K, used 257170K [0x00000000e0000000, 0x00000000f7680000, 0x0000000100000000)
  eden space 216576K, 100% used [0x00000000e0000000,0x00000000ed380000,0x00000000ed380000)
  from space 75776K, 53% used [0x00000000f2c80000,0x00000000f5424998,0x00000000f7680000)
  to   space 83456K, 0% used [0x00000000ed380000,0x00000000ed380000,0x00000000f2500000)
 ParOldGen       total 254976K, used 83161K [0x00000000a0000000, 0x00000000af900000, 0x00000000e0000000)
  object space 254976K, 32% used [0x00000000a0000000,0x00000000a51367b8,0x00000000af900000)
 Metaspace       used 121265K, capacity 125606K, committed 125888K, reserved 1159168K
  class space    used 15019K, capacity 15802K, committed 15848K, reserved 1048576K
Event: 5054.140 GC heap after
Heap after GC invocations=35 (full 4):
 PSYoungGen      total 300032K, used 48709K [0x00000000e0000000, 0x00000000f8300000, 0x0000000100000000)
  eden space 216576K, 0% used [0x00000000e0000000,0x00000000e0000000,0x00000000ed380000)
  from space 83456K, 58% used [0x00000000ed380000,0x00000000f0311688,0x00000000f2500000)
  to   space 81920K, 0% used [0x00000000f3300000,0x00000000f3300000,0x00000000f8300000)
 ParOldGen       total 254976K, used 83169K [0x00000000a0000000, 0x00000000af900000, 0x00000000e0000000)
  object space 254976K, 32% used [0x00000000a0000000,0x00000000a51387b8,0x00000000af900000)
 Metaspace       used 121265K, capacity 125606K, committed 125888K, reserved 1159168K
  class space    used 15019K, capacity 15802K, committed 15848K, reserved 1048576K
}

