# JRE version: OpenJDK Runtime Environment (8.0_202-b03) (build 1.8.0_202-release-1483-b03)
# Java VM: OpenJDK 64-Bit Server VM (25.202-b03 mixed mode windows-amd64 compressed oops)
Heap:
 PSYoungGen      total 197120K, used 54295K [0x00000000e0000000, 0x00000000efd00000, 0x0000000100000000)
  eden space 187392K, 23% used [0x00000000e0000000,0x00000000e2b88df0,0x00000000eb700000)
  from space 9728K, 99% used [0x00000000ef380000,0x00000000efcfd090,0x00000000efd00000)
  to   space 20992K, 0% used [0x00000000ed400000,0x00000000ed400000,0x00000000ee880000)
 ParOldGen       total 135680K, used 41509K [0x00000000a0000000, 0x00000000a8480000, 0x00000000e0000000)
  object space 135680K, 30% used [0x00000000a0000000,0x00000000a28894a0,0x00000000a8480000)
 Metaspace       used 71465K, capacity 74660K, committed 74880K, reserved 1114112K
  class space    used 9400K, capacity 10033K, committed 10112K, reserved 1048576K
GC Heap History (10 events):
Event: 29.568 GC heap before
{Heap before GC invocations=15 (full 3):
 PSYoungGen      total 180736K, used 4232K [0x00000000e0000000, 0x00000000ec300000, 0x0000000100000000)
  eden space 162816K, 0% used [0x00000000e0000000,0x00000000e0000000,0x00000000e9f00000)
  from space 17920K, 23% used [0x00000000eb080000,0x00000000eb4a2058,0x00000000ec200000)
  to   space 17920K, 0% used [0x00000000e9f00000,0x00000000e9f00000,0x00000000eb080000)
 ParOldGen       total 91648K, used 33329K [0x00000000a0000000, 0x00000000a5980000, 0x00000000e0000000)
  object space 91648K, 36% used [0x00000000a0000000,0x00000000a208c4a0,0x00000000a5980000)
 Metaspace       used 57017K, capacity 58992K, committed 59096K, reserved 1099776K
  class space    used 7784K, capacity 8235K, committed 8320K, reserved 1048576K
Event: 29.872 GC heap after
Heap after GC invocations=15 (full 3):
 PSYoungGen      total 180736K, used 0K [0x00000000e0000000, 0x00000000ec300000, 0x0000000100000000)
  eden space 162816K, 0% used [0x00000000e0000000,0x00000000e0000000,0x00000000e9f00000)
  from space 17920K, 0% used [0x00000000eb080000,0x00000000eb080000,0x00000000ec200000)
  to   space 17920K, 0% used [0x00000000e9f00000,0x00000000e9f00000,0x00000000eb080000)
 ParOldGen       total 135680K, used 32283K [0x00000000a0000000, 0x00000000a8480000, 0x00000000e0000000)
  object space 135680K, 23% used [0x00000000a0000000,0x00000000a1f86fa0,0x00000000a8480000)
 Metaspace       used 57006K, capacity 58956K, committed 59096K, reserved 1099776K
  class space    used 7781K, capacity 8229K, committed 8320K, reserved 1048576K
}
Event: 42.312 GC heap before
{Heap before GC invocations=16 (full 3):
 PSYoungGen      total 180736K, used 162816K [0x00000000e0000000, 0x00000000ec300000, 0x0000000100000000)
  eden space 162816K, 100% used [0x00000000e0000000,0x00000000e9f00000,0x00000000e9f00000)
  from space 17920K, 0% used [0x00000000eb080000,0x00000000eb080000,0x00000000ec200000)
  to   space 17920K, 0% used [0x00000000e9f00000,0x00000000e9f00000,0x00000000eb080000)
 ParOldGen       total 135680K, used 32283K [0x00000000a0000000, 0x00000000a8480000, 0x00000000e0000000)
  object space 135680K, 23% used [0x00000000a0000000,0x00000000a1f86fa0,0x00000000a8480000)
 Metaspace       used 63850K, capacity 66408K, committed 66688K, reserved 1105920K
  class space    used 8694K, capacity 9241K, committed 9344K, reserved 1048576K
Event: 42.340 GC heap after
Heap after GC invocations=16 (full 3):
 PSYoungGen      total 180736K, used 12842K [0x00000000e0000000, 0x00000000ee500000, 0x0000000100000000)
  eden space 162816K, 0% used [0x00000000e0000000,0x00000000e0000000,0x00000000e9f00000)
  from space 17920K, 71% used [0x00000000e9f00000,0x00000000eab8a848,0x00000000eb080000)
  to   space 18944K, 0% used [0x00000000ed280000,0x00000000ed280000,0x00000000ee500000)
 ParOldGen       total 135680K, used 32291K [0x00000000a0000000, 0x00000000a8480000, 0x00000000e0000000)
  object space 135680K, 23% used [0x00000000a0000000,0x00000000a1f88fa0,0x00000000a8480000)
 Metaspace       used 63850K, capacity 66408K, committed 66688K, reserved 1105920K
  class space    used 8694K, capacity 9241K, committed 9344K, reserved 1048576K
}
Event: 51.104 GC heap before
{Heap before GC invocations=17 (full 3):
 PSYoungGen      total 180736K, used 175658K [0x00000000e0000000, 0x00000000ee500000, 0x0000000100000000)
  eden space 162816K, 100% used [0x00000000e0000000,0x00000000e9f00000,0x00000000e9f00000)
  from space 17920K, 71% used [0x00000000e9f00000,0x00000000eab8a848,0x00000000eb080000)
  to   space 18944K, 0% used [0x00000000ed280000,0x00000000ed280000,0x00000000ee500000)
 ParOldGen       total 135680K, used 32291K [0x00000000a0000000, 0x00000000a8480000, 0x00000000e0000000)
  object space 135680K, 23% used [0x00000000a0000000,0x00000000a1f88fa0,0x00000000a8480000)
 Metaspace       used 69548K, capacity 72376K, committed 72576K, reserved 1112064K
  class space    used 9202K, capacity 9781K, committed 9856K, reserved 1048576K
Event: 51.172 GC heap after
Heap after GC invocations=17 (full 3):
 PSYoungGen      total 212480K, used 18926K [0x00000000e0000000, 0x00000000eea80000, 0x0000000100000000)
  eden space 193536K, 0% used [0x00000000e0000000,0x00000000e0000000,0x00000000ebd00000)
  from space 18944K, 99% used [0x00000000ed280000,0x00000000ee4fb820,0x00000000ee500000)
  to   space 22016K, 0% used [0x00000000ebd00000,0x00000000ebd00000,0x00000000ed280000)
 ParOldGen       total 135680K, used 33807K [0x00000000a0000000, 0x00000000a8480000, 0x00000000e0000000)
  object space 135680K, 24% used [0x00000000a0000000,0x00000000a2103f10,0x00000000a8480000)
 Metaspace       used 69548K, capacity 72376K, committed 72576K, reserved 1112064K
  class space    used 9202K, capacity 9781K, committed 9856K, reserved 1048576K
}
Event: 102.955 GC heap before
{Heap before GC invocations=18 (full 3):
 PSYoungGen      total 212480K, used 212462K [0x00000000e0000000, 0x00000000eea80000, 0x0000000100000000)
  eden space 193536K, 100% used [0x00000000e0000000,0x00000000ebd00000,0x00000000ebd00000)
  from space 18944K, 99% used [0x00000000ed280000,0x00000000ee4fb820,0x00000000ee500000)
  to   space 22016K, 0% used [0x00000000ebd00000,0x00000000ebd00000,0x00000000ed280000)
 ParOldGen       total 135680K, used 33807K [0x00000000a0000000, 0x00000000a8480000, 0x00000000e0000000)
  object space 135680K, 24% used [0x00000000a0000000,0x00000000a2103f10,0x00000000a8480000)
 Metaspace       used 70865K, capacity 73870K, committed 73984K, reserved 1114112K
  class space    used 9367K, capacity 9976K, committed 9984K, reserved 1048576K
Event: 103.011 GC heap after
Heap after GC invocations=18 (full 3):
 PSYoungGen      total 215552K, used 14202K [0x00000000e0000000, 0x00000000f0900000, 0x0000000100000000)
  eden space 193536K, 0% used [0x00000000e0000000,0x00000000e0000000,0x00000000ebd00000)
  from space 22016K, 64% used [0x00000000ebd00000,0x00000000ecade990,0x00000000ed280000)
  to   space 22016K, 0% used [0x00000000ef380000,0x00000000ef380000,0x00000000f0900000)
 ParOldGen       total 135680K, used 41501K [0x00000000a0000000, 0x00000000a8480000, 0x00000000e0000000)
  object space 135680K, 30% used [0x00000000a0000000,0x00000000a28874a0,0x00000000a8480000)
 Metaspace       used 70865K, capacity 73870K, committed 73984K, reserved 1114112K
  class space    used 9367K, capacity 9976K, committed 9984K, reserved 1048576K
}
Event: 503.337 GC heap before
{Heap before GC invocations=19 (full 3):
 PSYoungGen      total 215552K, used 207738K [0x00000000e0000000, 0x00000000f0900000, 0x0000000100000000)
  eden space 193536K, 100% used [0x00000000e0000000,0x00000000ebd00000,0x00000000ebd00000)
  from space 22016K, 64% used [0x00000000ebd00000,0x00000000ecade990,0x00000000ed280000)
  to   space 22016K, 0% used [0x00000000ef380000,0x00000000ef380000,0x00000000f0900000)
 ParOldGen       total 135680K, used 41501K [0x00000000a0000000, 0x00000000a8480000, 0x00000000e0000000)
  object space 135680K, 30% used [0x00000000a0000000,0x00000000a28874a0,0x00000000a8480000)
 Metaspace       used 71380K, capacity 74590K, committed 74880K, reserved 1114112K
  class space    used 9399K, capacity 10032K, committed 10112K, reserved 1048576K
Event: 503.374 GC heap after
Heap after GC invocations=19 (full 3):
 PSYoungGen      total 197120K, used 9716K [0x00000000e0000000, 0x00000000efd00000, 0x0000000100000000)
  eden space 187392K, 0% used [0x00000000e0000000,0x00000000e0000000,0x00000000eb700000)
  from space 9728K, 99% used [0x00000000ef380000,0x00000000efcfd090,0x00000000efd00000)
  to   space 20992K, 0% used [0x00000000ed400000,0x00000000ed400000,0x00000000ee880000)
 ParOldGen       total 135680K, used 41509K [0x00000000a0000000, 0x00000000a8480000, 0x00000000e0000000)
  object space 135680K, 30% used [0x00000000a0000000,0x00000000a28894a0,0x00000000a8480000)
 Metaspace       used 71380K, capacity 74590K, committed 74880K, reserved 1114112K
  class space    used 9399K, capacity 10032K, committed 10112K, reserved 1048576K
}

