# JRE version: OpenJDK Runtime Environment (8.0_202-b03) (build 1.8.0_202-release-1483-b03)
# Java VM: OpenJDK 64-Bit Server VM (25.202-b03 mixed mode windows-amd64 compressed oops)
Heap:
 PSYoungGen      total 262144K, used 200396K [0x00000000e0000000, 0x00000000f1d00000, 0x0000000100000000)
  eden space 240640K, 74% used [0x00000000e0000000,0x00000000eaeb9600,0x00000000eeb00000)
  from space 21504K, 99% used [0x00000000f0800000,0x00000000f1cf9de0,0x00000000f1d00000)
  to   space 24576K, 0% used [0x00000000eed00000,0x00000000eed00000,0x00000000f0500000)
 ParOldGen       total 115200K, used 30075K [0x00000000a0000000, 0x00000000a7080000, 0x00000000e0000000)
  object space 115200K, 26% used [0x00000000a0000000,0x00000000a1d5ec48,0x00000000a7080000)
 Metaspace       used 77080K, capacity 80072K, committed 80344K, reserved 1118208K
  class space    used 10037K, capacity 10694K, committed 10752K, reserved 1048576K
GC Heap History (10 events):
Event: 23.079 GC heap before
{Heap before GC invocations=13 (full 2):
 PSYoungGen      total 162816K, used 162807K [0x00000000e0000000, 0x00000000eba80000, 0x0000000100000000)
  eden space 151040K, 100% used [0x00000000e0000000,0x00000000e9380000,0x00000000e9380000)
  from space 11776K, 99% used [0x00000000eaf00000,0x00000000eba7de70,0x00000000eba80000)
  to   space 13824K, 0% used [0x00000000e9f80000,0x00000000e9f80000,0x00000000ead00000)
 ParOldGen       total 80384K, used 20362K [0x00000000a0000000, 0x00000000a4e80000, 0x00000000e0000000)
  object space 80384K, 25% used [0x00000000a0000000,0x00000000a13e2868,0x00000000a4e80000)
 Metaspace       used 55680K, capacity 57320K, committed 57432K, reserved 1099776K
  class space    used 7537K, capacity 7989K, committed 8064K, reserved 1048576K
Event: 23.105 GC heap after
Heap after GC invocations=13 (full 2):
 PSYoungGen      total 177152K, used 13818K [0x00000000e0000000, 0x00000000ee480000, 0x0000000100000000)
  eden space 163328K, 0% used [0x00000000e0000000,0x00000000e0000000,0x00000000e9f80000)
  from space 13824K, 99% used [0x00000000e9f80000,0x00000000eacfea48,0x00000000ead00000)
  to   space 18432K, 0% used [0x00000000ed280000,0x00000000ed280000,0x00000000ee480000)
 ParOldGen       total 80384K, used 28874K [0x00000000a0000000, 0x00000000a4e80000, 0x00000000e0000000)
  object space 80384K, 35% used [0x00000000a0000000,0x00000000a1c32ae0,0x00000000a4e80000)
 Metaspace       used 55680K, capacity 57320K, committed 57432K, reserved 1099776K
  class space    used 7537K, capacity 7989K, committed 8064K, reserved 1048576K
}
Event: 23.384 GC heap before
{Heap before GC invocations=14 (full 2):
 PSYoungGen      total 177152K, used 32989K [0x00000000e0000000, 0x00000000ee480000, 0x0000000100000000)
  eden space 163328K, 11% used [0x00000000e0000000,0x00000000e12b8c70,0x00000000e9f80000)
  from space 13824K, 99% used [0x00000000e9f80000,0x00000000eacfea48,0x00000000ead00000)
  to   space 18432K, 0% used [0x00000000ed280000,0x00000000ed280000,0x00000000ee480000)
 ParOldGen       total 80384K, used 28874K [0x00000000a0000000, 0x00000000a4e80000, 0x00000000e0000000)
  object space 80384K, 35% used [0x00000000a0000000,0x00000000a1c32ae0,0x00000000a4e80000)
 Metaspace       used 57301K, capacity 58918K, committed 59028K, reserved 1099776K
  class space    used 7657K, capacity 8108K, committed 8192K, reserved 1048576K
Event: 23.432 GC heap after
Heap after GC invocations=14 (full 2):
 PSYoungGen      total 215040K, used 1260K [0x00000000e0000000, 0x00000000f0d00000, 0x0000000100000000)
  eden space 196608K, 0% used [0x00000000e0000000,0x00000000e0000000,0x00000000ec000000)
  from space 18432K, 6% used [0x00000000ed280000,0x00000000ed3bb1c0,0x00000000ee480000)
  to   space 18944K, 0% used [0x00000000ec000000,0x00000000ec000000,0x00000000ed280000)
 ParOldGen       total 80384K, used 36111K [0x00000000a0000000, 0x00000000a4e80000, 0x00000000e0000000)
  object space 80384K, 44% used [0x00000000a0000000,0x00000000a2343e80,0x00000000a4e80000)
 Metaspace       used 57301K, capacity 58918K, committed 59028K, reserved 1099776K
  class space    used 7657K, capacity 8108K, committed 8192K, reserved 1048576K
}
Event: 23.432 GC heap before
{Heap before GC invocations=15 (full 3):
 PSYoungGen      total 215040K, used 1260K [0x00000000e0000000, 0x00000000f0d00000, 0x0000000100000000)
  eden space 196608K, 0% used [0x00000000e0000000,0x00000000e0000000,0x00000000ec000000)
  from space 18432K, 6% used [0x00000000ed280000,0x00000000ed3bb1c0,0x00000000ee480000)
  to   space 18944K, 0% used [0x00000000ec000000,0x00000000ec000000,0x00000000ed280000)
 ParOldGen       total 80384K, used 36111K [0x00000000a0000000, 0x00000000a4e80000, 0x00000000e0000000)
  object space 80384K, 44% used [0x00000000a0000000,0x00000000a2343e80,0x00000000a4e80000)
 Metaspace       used 57301K, capacity 58918K, committed 59028K, reserved 1099776K
  class space    used 7657K, capacity 8108K, committed 8192K, reserved 1048576K
Event: 24.106 GC heap after
Heap after GC invocations=15 (full 3):
 PSYoungGen      total 215040K, used 0K [0x00000000e0000000, 0x00000000f0d00000, 0x0000000100000000)
  eden space 196608K, 0% used [0x00000000e0000000,0x00000000e0000000,0x00000000ec000000)
  from space 18432K, 0% used [0x00000000ed280000,0x00000000ed280000,0x00000000ee480000)
  to   space 18944K, 0% used [0x00000000ec000000,0x00000000ec000000,0x00000000ed280000)
 ParOldGen       total 115200K, used 30059K [0x00000000a0000000, 0x00000000a7080000, 0x00000000e0000000)
  object space 115200K, 26% used [0x00000000a0000000,0x00000000a1d5ac48,0x00000000a7080000)
 Metaspace       used 57301K, capacity 58918K, committed 59028K, reserved 1099776K
  class space    used 7657K, capacity 8108K, committed 8192K, reserved 1048576K
}
Event: 38.222 GC heap before
{Heap before GC invocations=16 (full 3):
 PSYoungGen      total 215040K, used 196608K [0x00000000e0000000, 0x00000000f0d00000, 0x0000000100000000)
  eden space 196608K, 100% used [0x00000000e0000000,0x00000000ec000000,0x00000000ec000000)
  from space 18432K, 0% used [0x00000000ed280000,0x00000000ed280000,0x00000000ee480000)
  to   space 18944K, 0% used [0x00000000ec000000,0x00000000ec000000,0x00000000ed280000)
 ParOldGen       total 115200K, used 30059K [0x00000000a0000000, 0x00000000a7080000, 0x00000000e0000000)
  object space 115200K, 26% used [0x00000000a0000000,0x00000000a1d5ac48,0x00000000a7080000)
 Metaspace       used 69072K, capacity 71332K, committed 71640K, reserved 1112064K
  class space    used 9141K, capacity 9675K, committed 9728K, reserved 1048576K
Event: 38.243 GC heap after
Heap after GC invocations=16 (full 3):
 PSYoungGen      total 215552K, used 18095K [0x00000000e0000000, 0x00000000f1d00000, 0x0000000100000000)
  eden space 196608K, 0% used [0x00000000e0000000,0x00000000e0000000,0x00000000ec000000)
  from space 18944K, 95% used [0x00000000ec000000,0x00000000ed1abde8,0x00000000ed280000)
  to   space 21504K, 0% used [0x00000000f0800000,0x00000000f0800000,0x00000000f1d00000)
 ParOldGen       total 115200K, used 30067K [0x00000000a0000000, 0x00000000a7080000, 0x00000000e0000000)
  object space 115200K, 26% used [0x00000000a0000000,0x00000000a1d5cc48,0x00000000a7080000)
 Metaspace       used 69072K, capacity 71332K, committed 71640K, reserved 1112064K
  class space    used 9141K, capacity 9675K, committed 9728K, reserved 1048576K
}
Event: 2213.524 GC heap before
{Heap before GC invocations=17 (full 3):
 PSYoungGen      total 215552K, used 214703K [0x00000000e0000000, 0x00000000f1d00000, 0x0000000100000000)
  eden space 196608K, 100% used [0x00000000e0000000,0x00000000ec000000,0x00000000ec000000)
  from space 18944K, 95% used [0x00000000ec000000,0x00000000ed1abde8,0x00000000ed280000)
  to   space 21504K, 0% used [0x00000000f0800000,0x00000000f0800000,0x00000000f1d00000)
 ParOldGen       total 115200K, used 30067K [0x00000000a0000000, 0x00000000a7080000, 0x00000000e0000000)
  object space 115200K, 26% used [0x00000000a0000000,0x00000000a1d5cc48,0x00000000a7080000)
 Metaspace       used 73861K, capacity 76658K, committed 76888K, reserved 1116160K
  class space    used 9673K, capacity 10273K, committed 10368K, reserved 1048576K
Event: 2213.607 GC heap after
Heap after GC invocations=17 (full 3):
 PSYoungGen      total 262144K, used 21479K [0x00000000e0000000, 0x00000000f1d00000, 0x0000000100000000)
  eden space 240640K, 0% used [0x00000000e0000000,0x00000000e0000000,0x00000000eeb00000)
  from space 21504K, 99% used [0x00000000f0800000,0x00000000f1cf9de0,0x00000000f1d00000)
  to   space 24576K, 0% used [0x00000000eed00000,0x00000000eed00000,0x00000000f0500000)
 ParOldGen       total 115200K, used 30075K [0x00000000a0000000, 0x00000000a7080000, 0x00000000e0000000)
  object space 115200K, 26% used [0x00000000a0000000,0x00000000a1d5ec48,0x00000000a7080000)
 Metaspace       used 73861K, capacity 76658K, committed 76888K, reserved 1116160K
  class space    used 9673K, capacity 10273K, committed 10368K, reserved 1048576K
}

