# JRE version: OpenJDK Runtime Environment (8.0_202-b03) (build 1.8.0_202-release-1483-b03)
# Java VM: OpenJDK 64-Bit Server VM (25.202-b03 mixed mode windows-amd64 compressed oops)
Heap:
 PSYoungGen      total 377856K, used 58386K [0x00000000e0000000, 0x00000000fde00000, 0x0000000100000000)
  eden space 280576K, 20% used [0x00000000e0000000,0x00000000e39048e0,0x00000000f1200000)
  from space 97280K, 0% used [0x00000000f1200000,0x00000000f1200000,0x00000000f7100000)
  to   space 94208K, 0% used [0x00000000f8200000,0x00000000f8200000,0x00000000fde00000)
 ParOldGen       total 318976K, used 94066K [0x00000000a0000000, 0x00000000b3780000, 0x00000000e0000000)
  object space 318976K, 29% used [0x00000000a0000000,0x00000000a5bdc970,0x00000000b3780000)
 Metaspace       used 162497K, capacity 167146K, committed 167640K, reserved 1196032K
  class space    used 19541K, capacity 20360K, committed 20480K, reserved 1048576K
GC Heap History (10 events):
Event: 3537.416 GC heap before
{Heap before GC invocations=36 (full 4):
 PSYoungGen      total 348672K, used 290397K [0x00000000e0000000, 0x00000000fc580000, 0x0000000100000000)
  eden space 243712K, 100% used [0x00000000e0000000,0x00000000eee00000,0x00000000eee00000)
  from space 104960K, 44% used [0x00000000eee00000,0x00000000f1b976f0,0x00000000f5480000)
  to   space 99840K, 0% used [0x00000000f6400000,0x00000000f6400000,0x00000000fc580000)
 ParOldGen       total 266752K, used 87314K [0x00000000a0000000, 0x00000000b0480000, 0x00000000e0000000)
  object space 266752K, 32% used [0x00000000a0000000,0x00000000a5544b70,0x00000000b0480000)
 Metaspace       used 149010K, capacity 153736K, committed 153816K, reserved 1183744K
  class space    used 18093K, capacity 18941K, committed 18944K, reserved 1048576K
Event: 3537.479 GC heap after
Heap after GC invocations=36 (full 4):
 PSYoungGen      total 362496K, used 54601K [0x00000000e0000000, 0x00000000fc180000, 0x0000000100000000)
  eden space 266752K, 0% used [0x00000000e0000000,0x00000000e0000000,0x00000000f0480000)
  from space 95744K, 57% used [0x00000000f6400000,0x00000000f99527b8,0x00000000fc180000)
  to   space 96768K, 0% used [0x00000000f0480000,0x00000000f0480000,0x00000000f6300000)
 ParOldGen       total 266752K, used 87322K [0x00000000a0000000, 0x00000000b0480000, 0x00000000e0000000)
  object space 266752K, 32% used [0x00000000a0000000,0x00000000a5546b70,0x00000000b0480000)
 Metaspace       used 149010K, capacity 153736K, committed 153816K, reserved 1183744K
  class space    used 18093K, capacity 18941K, committed 18944K, reserved 1048576K
}
Event: 3678.001 GC heap before
{Heap before GC invocations=37 (full 4):
 PSYoungGen      total 362496K, used 321353K [0x00000000e0000000, 0x00000000fc180000, 0x0000000100000000)
  eden space 266752K, 100% used [0x00000000e0000000,0x00000000f0480000,0x00000000f0480000)
  from space 95744K, 57% used [0x00000000f6400000,0x00000000f99527b8,0x00000000fc180000)
  to   space 96768K, 0% used [0x00000000f0480000,0x00000000f0480000,0x00000000f6300000)
 ParOldGen       total 266752K, used 87322K [0x00000000a0000000, 0x00000000b0480000, 0x00000000e0000000)
  object space 266752K, 32% used [0x00000000a0000000,0x00000000a5546b70,0x00000000b0480000)
 Metaspace       used 154658K, capacity 159476K, committed 159704K, reserved 1189888K
  class space    used 18722K, capacity 19593K, committed 19712K, reserved 1048576K
Event: 3678.086 GC heap after
Heap after GC invocations=37 (full 4):
 PSYoungGen      total 363520K, used 75898K [0x00000000e0000000, 0x00000000fdc80000, 0x0000000100000000)
  eden space 266752K, 0% used [0x00000000e0000000,0x00000000e0000000,0x00000000f0480000)
  from space 96768K, 78% used [0x00000000f0480000,0x00000000f4e9e890,0x00000000f6300000)
  to   space 101888K, 0% used [0x00000000f7900000,0x00000000f7900000,0x00000000fdc80000)
 ParOldGen       total 266752K, used 87330K [0x00000000a0000000, 0x00000000b0480000, 0x00000000e0000000)
  object space 266752K, 32% used [0x00000000a0000000,0x00000000a5548b70,0x00000000b0480000)
 Metaspace       used 154658K, capacity 159476K, committed 159704K, reserved 1189888K
  class space    used 18722K, capacity 19593K, committed 19712K, reserved 1048576K
}
Event: 4182.743 GC heap before
{Heap before GC invocations=38 (full 4):
 PSYoungGen      total 363520K, used 342650K [0x00000000e0000000, 0x00000000fdc80000, 0x0000000100000000)
  eden space 266752K, 100% used [0x00000000e0000000,0x00000000f0480000,0x00000000f0480000)
  from space 96768K, 78% used [0x00000000f0480000,0x00000000f4e9e890,0x00000000f6300000)
  to   space 101888K, 0% used [0x00000000f7900000,0x00000000f7900000,0x00000000fdc80000)
 ParOldGen       total 266752K, used 87330K [0x00000000a0000000, 0x00000000b0480000, 0x00000000e0000000)
  object space 266752K, 32% used [0x00000000a0000000,0x00000000a5548b70,0x00000000b0480000)
 Metaspace       used 155949K, capacity 160732K, committed 160984K, reserved 1189888K
  class space    used 18838K, capacity 19689K, committed 19712K, reserved 1048576K
Event: 4182.840 GC heap after
Heap after GC invocations=38 (full 4):
 PSYoungGen      total 369664K, used 54465K [0x00000000e0000000, 0x00000000fd000000, 0x0000000100000000)
  eden space 280576K, 0% used [0x00000000e0000000,0x00000000e0000000,0x00000000f1200000)
  from space 89088K, 61% used [0x00000000f7900000,0x00000000fae30788,0x00000000fd000000)
  to   space 97280K, 0% used [0x00000000f1200000,0x00000000f1200000,0x00000000f7100000)
 ParOldGen       total 266752K, used 87338K [0x00000000a0000000, 0x00000000b0480000, 0x00000000e0000000)
  object space 266752K, 32% used [0x00000000a0000000,0x00000000a554ab70,0x00000000b0480000)
 Metaspace       used 155949K, capacity 160732K, committed 160984K, reserved 1189888K
  class space    used 18838K, capacity 19689K, committed 19712K, reserved 1048576K
}
Event: 4185.940 GC heap before
{Heap before GC invocations=39 (full 4):
 PSYoungGen      total 369664K, used 239820K [0x00000000e0000000, 0x00000000fd000000, 0x0000000100000000)
  eden space 280576K, 66% used [0x00000000e0000000,0x00000000eb502a08,0x00000000f1200000)
  from space 89088K, 61% used [0x00000000f7900000,0x00000000fae30788,0x00000000fd000000)
  to   space 97280K, 0% used [0x00000000f1200000,0x00000000f1200000,0x00000000f7100000)
 ParOldGen       total 266752K, used 87338K [0x00000000a0000000, 0x00000000b0480000, 0x00000000e0000000)
  object space 266752K, 32% used [0x00000000a0000000,0x00000000a554ab70,0x00000000b0480000)
 Metaspace       used 159035K, capacity 163824K, committed 163928K, reserved 1193984K
  class space    used 19134K, capacity 20017K, committed 20096K, reserved 1048576K
Event: 4186.019 GC heap after
Heap after GC invocations=39 (full 4):
 PSYoungGen      total 377856K, used 46365K [0x00000000e0000000, 0x00000000fde00000, 0x0000000100000000)
  eden space 280576K, 0% used [0x00000000e0000000,0x00000000e0000000,0x00000000f1200000)
  from space 97280K, 47% used [0x00000000f1200000,0x00000000f3f477f0,0x00000000f7100000)
  to   space 94208K, 0% used [0x00000000f8200000,0x00000000f8200000,0x00000000fde00000)
 ParOldGen       total 266752K, used 115658K [0x00000000a0000000, 0x00000000b0480000, 0x00000000e0000000)
  object space 266752K, 43% used [0x00000000a0000000,0x00000000a70f2b68,0x00000000b0480000)
 Metaspace       used 159035K, capacity 163824K, committed 163928K, reserved 1193984K
  class space    used 19134K, capacity 20017K, committed 20096K, reserved 1048576K
}
Event: 4186.019 GC heap before
{Heap before GC invocations=40 (full 5):
 PSYoungGen      total 377856K, used 46365K [0x00000000e0000000, 0x00000000fde00000, 0x0000000100000000)
  eden space 280576K, 0% used [0x00000000e0000000,0x00000000e0000000,0x00000000f1200000)
  from space 97280K, 47% used [0x00000000f1200000,0x00000000f3f477f0,0x00000000f7100000)
  to   space 94208K, 0% used [0x00000000f8200000,0x00000000f8200000,0x00000000fde00000)
 ParOldGen       total 266752K, used 115658K [0x00000000a0000000, 0x00000000b0480000, 0x00000000e0000000)
  object space 266752K, 43% used [0x00000000a0000000,0x00000000a70f2b68,0x00000000b0480000)
 Metaspace       used 159035K, capacity 163824K, committed 163928K, reserved 1193984K
  class space    used 19134K, capacity 20017K, committed 20096K, reserved 1048576K
Event: 4186.458 GC heap after
Heap after GC invocations=40 (full 5):
 PSYoungGen      total 377856K, used 0K [0x00000000e0000000, 0x00000000fde00000, 0x0000000100000000)
  eden space 280576K, 0% used [0x00000000e0000000,0x00000000e0000000,0x00000000f1200000)
  from space 97280K, 0% used [0x00000000f1200000,0x00000000f1200000,0x00000000f7100000)
  to   space 94208K, 0% used [0x00000000f8200000,0x00000000f8200000,0x00000000fde00000)
 ParOldGen       total 318976K, used 94066K [0x00000000a0000000, 0x00000000b3780000, 0x00000000e0000000)
  object space 318976K, 29% used [0x00000000a0000000,0x00000000a5bdc970,0x00000000b3780000)
 Metaspace       used 158820K, capacity 163466K, committed 163928K, reserved 1193984K
  class space    used 19096K, capacity 19944K, committed 20096K, reserved 1048576K
}

