# JRE version: OpenJDK Runtime Environment (8.0_202-b03) (build 1.8.0_202-release-1483-b03)
# Java VM: OpenJDK 64-Bit Server VM (25.202-b03 mixed mode windows-amd64 compressed oops)
Heap:
 PSYoungGen      total 186368K, used 110349K [0x00000000e0000000, 0x00000000eeb00000, 0x0000000100000000)
  eden space 144896K, 51% used [0x00000000e0000000,0x00000000e48f5ba8,0x00000000e8d80000)
  from space 41472K, 85% used [0x00000000ec280000,0x00000000ee54d9d0,0x00000000eeb00000)
  to   space 36864K, 0% used [0x00000000e8d80000,0x00000000e8d80000,0x00000000eb180000)
 ParOldGen       total 131072K, used 91859K [0x00000000a0000000, 0x00000000a8000000, 0x00000000e0000000)
  object space 131072K, 70% used [0x00000000a0000000,0x00000000a59b4da0,0x00000000a8000000)
 Metaspace       used 92867K, capacity 96196K, committed 96344K, reserved 1132544K
  class space    used 12116K, capacity 12809K, committed 12928K, reserved 1048576K
GC Heap History (10 events):
Event: 72.595 GC heap before
{Heap before GC invocations=19 (full 3):
 PSYoungGen      total 129536K, used 124247K [0x00000000e0000000, 0x00000000ea400000, 0x0000000100000000)
  eden space 114176K, 100% used [0x00000000e0000000,0x00000000e6f80000,0x00000000e6f80000)
  from space 15360K, 65% used [0x00000000e6f80000,0x00000000e7955d68,0x00000000e7e80000)
  to   space 15360K, 0% used [0x00000000e9500000,0x00000000e9500000,0x00000000ea400000)
 ParOldGen       total 131072K, used 33878K [0x00000000a0000000, 0x00000000a8000000, 0x00000000e0000000)
  object space 131072K, 25% used [0x00000000a0000000,0x00000000a21159a0,0x00000000a8000000)
 Metaspace       used 66318K, capacity 68344K, committed 68568K, reserved 1107968K
  class space    used 8902K, capacity 9385K, committed 9472K, reserved 1048576K
Event: 72.655 GC heap after
Heap after GC invocations=19 (full 3):
 PSYoungGen      total 147456K, used 15340K [0x00000000e0000000, 0x00000000eab00000, 0x0000000100000000)
  eden space 132096K, 0% used [0x00000000e0000000,0x00000000e0000000,0x00000000e8100000)
  from space 15360K, 99% used [0x00000000e9500000,0x00000000ea3fb298,0x00000000ea400000)
  to   space 20480K, 0% used [0x00000000e8100000,0x00000000e8100000,0x00000000e9500000)
 ParOldGen       total 131072K, used 42272K [0x00000000a0000000, 0x00000000a8000000, 0x00000000e0000000)
  object space 131072K, 32% used [0x00000000a0000000,0x00000000a2948158,0x00000000a8000000)
 Metaspace       used 66318K, capacity 68344K, committed 68568K, reserved 1107968K
  class space    used 8902K, capacity 9385K, committed 9472K, reserved 1048576K
}
Event: 84.927 GC heap before
{Heap before GC invocations=20 (full 3):
 PSYoungGen      total 147456K, used 147436K [0x00000000e0000000, 0x00000000eab00000, 0x0000000100000000)
  eden space 132096K, 100% used [0x00000000e0000000,0x00000000e8100000,0x00000000e8100000)
  from space 15360K, 99% used [0x00000000e9500000,0x00000000ea3fb298,0x00000000ea400000)
  to   space 20480K, 0% used [0x00000000e8100000,0x00000000e8100000,0x00000000e9500000)
 ParOldGen       total 131072K, used 42272K [0x00000000a0000000, 0x00000000a8000000, 0x00000000e0000000)
  object space 131072K, 32% used [0x00000000a0000000,0x00000000a2948158,0x00000000a8000000)
 Metaspace       used 74182K, capacity 76228K, committed 76504K, reserved 1116160K
  class space    used 9725K, capacity 10219K, committed 10240K, reserved 1048576K
Event: 85.021 GC heap after
Heap after GC invocations=20 (full 3):
 PSYoungGen      total 152576K, used 20473K [0x00000000e0000000, 0x00000000ed380000, 0x0000000100000000)
  eden space 132096K, 0% used [0x00000000e0000000,0x00000000e0000000,0x00000000e8100000)
  from space 20480K, 99% used [0x00000000e8100000,0x00000000e94fe700,0x00000000e9500000)
  to   space 34816K, 0% used [0x00000000eb180000,0x00000000eb180000,0x00000000ed380000)
 ParOldGen       total 131072K, used 72404K [0x00000000a0000000, 0x00000000a8000000, 0x00000000e0000000)
  object space 131072K, 55% used [0x00000000a0000000,0x00000000a46b53f0,0x00000000a8000000)
 Metaspace       used 74182K, capacity 76228K, committed 76504K, reserved 1116160K
  class space    used 9725K, capacity 10219K, committed 10240K, reserved 1048576K
}
Event: 98.445 GC heap before
{Heap before GC invocations=21 (full 3):
 PSYoungGen      total 152576K, used 152569K [0x00000000e0000000, 0x00000000ed380000, 0x0000000100000000)
  eden space 132096K, 100% used [0x00000000e0000000,0x00000000e8100000,0x00000000e8100000)
  from space 20480K, 99% used [0x00000000e8100000,0x00000000e94fe700,0x00000000e9500000)
  to   space 34816K, 0% used [0x00000000eb180000,0x00000000eb180000,0x00000000ed380000)
 ParOldGen       total 131072K, used 72404K [0x00000000a0000000, 0x00000000a8000000, 0x00000000e0000000)
  object space 131072K, 55% used [0x00000000a0000000,0x00000000a46b53f0,0x00000000a8000000)
 Metaspace       used 75693K, capacity 77882K, committed 78168K, reserved 1118208K
  class space    used 9819K, capacity 10318K, committed 10368K, reserved 1048576K
Event: 98.507 GC heap after
Heap after GC invocations=21 (full 3):
 PSYoungGen      total 179712K, used 24488K [0x00000000e0000000, 0x00000000ed600000, 0x0000000100000000)
  eden space 144896K, 0% used [0x00000000e0000000,0x00000000e0000000,0x00000000e8d80000)
  from space 34816K, 70% used [0x00000000eb180000,0x00000000ec96a188,0x00000000ed380000)
  to   space 36864K, 0% used [0x00000000e8d80000,0x00000000e8d80000,0x00000000eb180000)
 ParOldGen       total 131072K, used 91843K [0x00000000a0000000, 0x00000000a8000000, 0x00000000e0000000)
  object space 131072K, 70% used [0x00000000a0000000,0x00000000a59b0da0,0x00000000a8000000)
 Metaspace       used 75693K, capacity 77882K, committed 78168K, reserved 1118208K
  class space    used 9819K, capacity 10318K, committed 10368K, reserved 1048576K
}
Event: 116.884 GC heap before
{Heap before GC invocations=22 (full 3):
 PSYoungGen      total 179712K, used 169376K [0x00000000e0000000, 0x00000000ed600000, 0x0000000100000000)
  eden space 144896K, 99% used [0x00000000e0000000,0x00000000e8d7dfc8,0x00000000e8d80000)
  from space 34816K, 70% used [0x00000000eb180000,0x00000000ec96a188,0x00000000ed380000)
  to   space 36864K, 0% used [0x00000000e8d80000,0x00000000e8d80000,0x00000000eb180000)
 ParOldGen       total 131072K, used 91843K [0x00000000a0000000, 0x00000000a8000000, 0x00000000e0000000)
  object space 131072K, 70% used [0x00000000a0000000,0x00000000a59b0da0,0x00000000a8000000)
 Metaspace       used 85024K, capacity 87856K, committed 88152K, reserved 1126400K
  class space    used 11192K, capacity 11847K, committed 11904K, reserved 1048576K
Event: 116.931 GC heap after
Heap after GC invocations=22 (full 3):
 PSYoungGen      total 181760K, used 33654K [0x00000000e0000000, 0x00000000eeb00000, 0x0000000100000000)
  eden space 144896K, 0% used [0x00000000e0000000,0x00000000e0000000,0x00000000e8d80000)
  from space 36864K, 91% used [0x00000000e8d80000,0x00000000eae5d930,0x00000000eb180000)
  to   space 41472K, 0% used [0x00000000ec280000,0x00000000ec280000,0x00000000eeb00000)
 ParOldGen       total 131072K, used 91851K [0x00000000a0000000, 0x00000000a8000000, 0x00000000e0000000)
  object space 131072K, 70% used [0x00000000a0000000,0x00000000a59b2da0,0x00000000a8000000)
 Metaspace       used 85024K, capacity 87856K, committed 88152K, reserved 1126400K
  class space    used 11192K, capacity 11847K, committed 11904K, reserved 1048576K
}
Event: 185.381 GC heap before
{Heap before GC invocations=23 (full 3):
 PSYoungGen      total 181760K, used 178550K [0x00000000e0000000, 0x00000000eeb00000, 0x0000000100000000)
  eden space 144896K, 100% used [0x00000000e0000000,0x00000000e8d80000,0x00000000e8d80000)
  from space 36864K, 91% used [0x00000000e8d80000,0x00000000eae5d930,0x00000000eb180000)
  to   space 41472K, 0% used [0x00000000ec280000,0x00000000ec280000,0x00000000eeb00000)
 ParOldGen       total 131072K, used 91851K [0x00000000a0000000, 0x00000000a8000000, 0x00000000e0000000)
  object space 131072K, 70% used [0x00000000a0000000,0x00000000a59b2da0,0x00000000a8000000)
 Metaspace       used 92471K, capacity 95776K, committed 96088K, reserved 1132544K
  class space    used 12112K, capacity 12803K, committed 12928K, reserved 1048576K
Event: 185.426 GC heap after
Heap after GC invocations=23 (full 3):
 PSYoungGen      total 186368K, used 35638K [0x00000000e0000000, 0x00000000eeb00000, 0x0000000100000000)
  eden space 144896K, 0% used [0x00000000e0000000,0x00000000e0000000,0x00000000e8d80000)
  from space 41472K, 85% used [0x00000000ec280000,0x00000000ee54d9d0,0x00000000eeb00000)
  to   space 36864K, 0% used [0x00000000e8d80000,0x00000000e8d80000,0x00000000eb180000)
 ParOldGen       total 131072K, used 91859K [0x00000000a0000000, 0x00000000a8000000, 0x00000000e0000000)
  object space 131072K, 70% used [0x00000000a0000000,0x00000000a59b4da0,0x00000000a8000000)
 Metaspace       used 92471K, capacity 95776K, committed 96088K, reserved 1132544K
  class space    used 12112K, capacity 12803K, committed 12928K, reserved 1048576K
}

